[2026-04-28 10:18:28] İşlem Başladı: admin_giris
[2026-05-13 17:21:12] İşlem Başladı: admin_giris
[2026-05-13 17:21:21] İşlem Başladı: get_kategori
[2026-05-13 17:21:22] İşlem Başladı: get_kategori
[2026-05-13 17:21:23] İşlem Başladı: get_kategori
[2026-05-13 17:21:24] İşlem Başladı: get_kategori
[2026-05-13 17:21:24] İşlem Başladı: get_kategori
[2026-05-13 17:25:24] İşlem Başladı: urun_onay_islem
[2026-05-13 17:53:17] İşlem Başladı: admin_giris
[2026-05-13 18:14:40] İşlem Başladı: personel_ekle
[2026-05-13 18:14:40] Personel Ekleme Talebi: test2@kralyolu.com
[2026-05-13 18:14:40] BAŞARILI: Personel eklendi
[2026-05-13 18:15:36] İşlem Başladı: personel_sil
[2026-05-13 18:19:32] İşlem Başladı: personel_ekle
[2026-05-13 18:19:32] Personel Ekleme Talebi: deneme@test.com
[2026-05-13 18:19:32] BAŞARILI: Personel eklendi
[2026-05-13 18:25:51] İşlem Başladı: personel_guncelle
[2026-05-13 18:25:51] Personel Güncelleme Talebi ID: 3
[2026-05-13 18:25:51] BAŞARILI: Personel güncellendi
[2026-05-13 18:26:29] İşlem Başladı: personel_sil
[2026-05-13 18:50:44] İşlem Başladı: admin_giris
[2026-05-13 18:50:50] İşlem Başladı: satici_onay_islem
[2026-05-13 19:20:04] İşlem Başladı: admin_giris
[2026-05-13 19:20:12] İşlem Başladı: get_kategori
[2026-05-13 19:20:15] İşlem Başladı: get_kategori
[2026-05-13 19:20:16] İşlem Başladı: get_kategori
[2026-05-13 19:20:18] İşlem Başladı: get_kategori
[2026-05-13 19:20:20] İşlem Başladı: get_kategori
[2026-05-13 19:20:22] İşlem Başladı: get_kategori
[2026-05-13 19:20:23] İşlem Başladı: get_kategori
[2026-05-13 19:20:25] İşlem Başladı: get_kategori
[2026-05-13 19:20:26] İşlem Başladı: get_kategori
[2026-05-13 19:20:27] İşlem Başladı: get_kategori
[2026-05-13 19:20:27] İşlem Başladı: get_kategori
[2026-05-13 19:20:28] İşlem Başladı: get_kategori
[2026-05-13 19:20:29] İşlem Başladı: get_kategori
[2026-05-13 19:20:34] İşlem Başladı: get_kategori
[2026-05-13 19:20:37] İşlem Başladı: get_kategori
[2026-05-13 19:20:57] İşlem Başladı: urun_onay_islem
[2026-05-13 19:21:04] İşlem Başladı: urun_onay_islem
[2026-05-13 19:21:09] İşlem Başladı: urun_onay_islem
[2026-05-13 19:21:14] İşlem Başladı: urun_onay_islem
[2026-05-13 19:21:59] İşlem Başladı: get_kategori
[2026-05-13 19:22:32] İşlem Başladı: admin_giris
[2026-05-13 19:22:38] İşlem Başladı: admin_giris
[2026-05-13 19:22:42] İşlem Başladı: get_kategori
[2026-05-13 19:24:23] İşlem Başladı: get_kategori
[2026-05-13 19:24:25] İşlem Başladı: get_kategori
[2026-05-13 19:24:49] İşlem Başladı: get_kategori
[2026-05-13 19:26:03] İşlem Başladı: get_kategori
[2026-05-13 19:26:37] İşlem Başladı: get_kategori
[2026-05-13 19:28:40] İşlem Başladı: get_kategori
[2026-05-13 19:30:05] İşlem Başladı: get_kategori
[2026-05-13 19:30:06] İşlem Başladı: get_kategori
[2026-05-13 19:30:06] İşlem Başladı: get_kategori
[2026-05-13 19:32:21] İşlem Başladı: get_kategori
[2026-05-13 19:32:22] İşlem Başladı: get_kategori
[2026-05-13 19:32:25] İşlem Başladı: get_kategori
[2026-05-13 19:33:57] İşlem Başladı: get_kategori
[2026-05-13 19:33:57] HATA: Yetkisiz Erişim (Oturum Yok)
[2026-05-13 19:34:03] İşlem Başladı: get_kategori
[2026-05-13 19:34:22] İşlem Başladı: get_kategori
[2026-05-13 19:35:19] İşlem Başladı: admin_giris
[2026-05-13 19:36:50] İşlem Başladı: admin_giris
[2026-05-13 19:37:03] İşlem Başladı: get_kategori
[2026-05-13 19:37:28] İşlem Başladı: get_kategori
[2026-05-13 19:37:48] İşlem Başladı: get_kategori
[2026-05-13 19:38:15] İşlem Başladı: get_kategori
[2026-05-13 19:38:40] İşlem Başladı: get_kategori
[2026-05-13 19:38:56] İşlem Başladı: get_kategori
[2026-05-13 19:40:08] İşlem Başladı: get_kategori
[2026-05-13 19:40:09] İşlem Başladı: get_kategori
[2026-05-13 19:40:11] İşlem Başladı: get_kategori
[2026-05-13 19:40:13] İşlem Başladı: get_kategori
[2026-05-13 19:40:13] İşlem Başladı: get_kategori
[2026-05-13 19:40:16] İşlem Başladı: get_kategori
[2026-05-13 19:40:23] İşlem Başladı: get_kategori
[2026-05-13 19:40:24] İşlem Başladı: get_kategori
[2026-05-13 19:40:25] İşlem Başladı: get_kategori
[2026-05-13 19:40:26] İşlem Başladı: get_kategori
[2026-05-13 19:40:27] İşlem Başladı: get_kategori
[2026-05-13 19:40:47] İşlem Başladı: get_kategori
[2026-05-13 19:40:49] İşlem Başladı: get_kategori
[2026-05-17 00:46:23] İşlem Başladı: admin_giris
[2026-05-18 18:15:00] İşlem Başladı: admin_giris
[2026-05-18 18:15:35] İşlem Başladı: personel_ekle
[2026-05-18 18:15:35] Personel Ekleme Talebi: 1@gmail.com
[2026-05-18 18:15:35] BAŞARILI: Personel eklendi
[2026-05-18 18:15:38] İşlem Başladı: cikis
[2026-05-18 18:15:41] İşlem Başladı: admin_giris
[2026-05-18 18:16:02] İşlem Başladı: cikis
[2026-05-18 18:16:10] İşlem Başladı: admin_giris
[2026-05-18 18:16:22] İşlem Başladı: get_kategori
[2026-05-18 18:16:23] İşlem Başladı: get_kategori
[2026-05-18 18:16:23] İşlem Başladı: get_kategori
[2026-05-18 18:16:23] İşlem Başladı: get_kategori
[2026-05-18 18:16:24] İşlem Başladı: get_kategori
[2026-05-18 18:16:25] İşlem Başladı: get_kategori
[2026-05-18 18:16:25] İşlem Başladı: get_kategori
[2026-05-18 18:16:26] İşlem Başladı: get_kategori
[2026-05-18 18:16:27] İşlem Başladı: get_kategori
[2026-05-18 18:16:36] İşlem Başladı: get_kategori
[2026-05-18 18:16:37] İşlem Başladı: get_kategori
[2026-05-18 18:16:39] İşlem Başladı: sil_kategori
[2026-05-18 18:16:43] İşlem Başladı: get_kategori
[2026-05-18 18:16:44] İşlem Başladı: get_kategori
[2026-05-18 18:16:44] İşlem Başladı: get_kategori
[2026-05-18 18:16:44] İşlem Başladı: get_kategori
[2026-05-18 18:16:46] İşlem Başladı: sil_kategori
[2026-05-18 18:16:51] İşlem Başladı: get_kategori
[2026-05-18 18:16:52] İşlem Başladı: get_kategori
[2026-05-18 18:16:52] İşlem Başladı: get_kategori
[2026-05-18 18:16:53] İşlem Başladı: get_kategori
[2026-05-18 18:16:53] İşlem Başladı: get_kategori
[2026-05-18 18:19:36] İşlem Başladı: duzenle_kategori
[2026-05-18 18:19:45] İşlem Başladı: duzenle_kategori
[2026-05-18 18:19:52] İşlem Başladı: duzenle_kategori
[2026-05-18 18:20:02] İşlem Başladı: get_kategori
[2026-05-18 18:20:05] İşlem Başladı: duzenle_kategori
[2026-05-18 18:20:07] İşlem Başladı: get_kategori
[2026-05-18 18:20:08] İşlem Başladı: get_kategori
[2026-05-18 18:20:09] İşlem Başladı: get_kategori
[2026-05-18 18:20:11] İşlem Başladı: get_kategori
[2026-05-18 18:20:20] İşlem Başladı: satici_onay_islem
[2026-05-18 18:34:38] İşlem Başladı: urun_onay_islem
[2026-05-18 18:37:55] İşlem Başladı: personel_guncelle
[2026-05-18 18:37:55] Personel Güncelleme Talebi ID: 4
[2026-05-18 18:37:55] BAŞARILI: Personel güncellendi
[2026-05-18 18:55:41] İşlem Başladı: satici_onay_islem
[2026-05-18 20:25:08] İşlem Başladı: cikis
[2026-05-18 20:38:30] İşlem Başladı: admin_giris
